This file contains any messages produced by compilers while
running configure, to aid debugging if configure makes a mistake.

It was created by configure, which was
generated by GNU Autoconf 2.69.  Invocation command line was

  $ ./configure --with-opensp-includes=/Users/cromo/Documents/Sourcecode/vcpkg/installed/arm64-osx/include/OpenSP/ --with-opensp-libs=/Users/cromo/Documents/Sourcecode/vcpkg/installed/arm64-osx/lib --enable-latex-docs=no --disable-shared --enable-static --verbose

## --------- ##
## Platform. ##
## --------- ##

hostname = Daves-Air
uname -m = arm64
uname -r = 20.6.0
uname -s = Darwin
uname -v = Darwin Kernel Version 20.6.0: Mon Aug 30 06:12:20 PDT 2021; root:xnu-7195.141.6~3/RELEASE_ARM64_T8101

/usr/bin/uname -p = arm
/bin/uname -X     = unknown

/bin/arch              = unknown
/usr/bin/arch -k       = unknown
/usr/convex/getsysinfo = unknown
/usr/bin/hostinfo      = Mach kernel version:
	 Darwin Kernel Version 20.6.0: Mon Aug 30 06:12:20 PDT 2021; root:xnu-7195.141.6~3/RELEASE_ARM64_T8101
Kernel configured for up to 8 processors.
8 processors are physically available.
8 processors are logically available.
Processor type: arm64e (ARM64E)
Processors active: 0 1 2 3 4 5 6 7
Primary memory available: 16.00 gigabytes
Default processor set: 505 tasks, 2673 threads, 8 processors
Load average: 3.06, Mach factor: 4.92
/bin/machine           = unknown
/usr/bin/oslevel       = unknown
/bin/universe          = unknown

PATH: /opt/homebrew/opt/bison/bin
PATH: /Users/cromo/.gem/ruby/2.6.0/bin
PATH: /Users/cromo/.gem/ruby/2.6.0/bin
PATH: /opt/homebrew/bin
PATH: /opt/homebrew/sbin
PATH: /usr/local/bin
PATH: /usr/local/sbin
PATH: /usr/local/bin
PATH: /usr/bin
PATH: /bin
PATH: /usr/sbin
PATH: /sbin
PATH: /Applications/VMware Fusion.app/Contents/Public
PATH: /opt/X11/bin
PATH: /Applications/Wireshark.app/Contents/MacOS
PATH: /Applications/Xamarin Workbooks.app/Contents/SharedSupport/path-bin
PATH: /Users/cromo/bin
PATH: /opt/homebrew/bin
PATH: /Applications/Visual Studio Code.app/Contents/Resources/app/bin
PATH: /Users/cromo/bin/


## ----------- ##
## Core tests. ##
## ----------- ##

configure:2656: checking for gcc
configure:2672: found /usr/bin/gcc
configure:2683: result: gcc
configure:2912: checking for C compiler version
configure:2921: gcc --version >&5
Apple clang version 12.0.5 (clang-1205.0.22.9)
Target: arm64-apple-darwin20.6.0
Thread model: posix
InstalledDir: /Library/Developer/CommandLineTools/usr/bin
Configured with: --prefix=/Library/Developer/CommandLineTools/usr --with-gxx-include-dir=/Library/Developer/CommandLineTools/SDKs/MacOSX.sdk/usr/include/c++/4.2.1
configure:2932: $? = 0
configure:2921: gcc -v >&5
Configured with: --prefix=/Library/Developer/CommandLineTools/usr --with-gxx-include-dir=/Library/Developer/CommandLineTools/SDKs/MacOSX.sdk/usr/include/c++/4.2.1
Apple clang version 12.0.5 (clang-1205.0.22.9)
Target: arm64-apple-darwin20.6.0
Thread model: posix
InstalledDir: /Library/Developer/CommandLineTools/usr/bin
configure:2932: $? = 0
configure:2921: gcc -V >&5
clang: error: argument to '-V' is missing (expected 1 value)
clang: error: no input files
configure:2932: $? = 1
configure:2921: gcc -qversion >&5
clang: error: unknown argument '-qversion'; did you mean '--version'?
clang: error: no input files
configure:2932: $? = 1
configure:2952: checking whether the C compiler works
configure:2974: gcc   -framework CoreFoundation -L/Users/cromo/Documents/Sourcecode/vcpkg/installed/arm64-osx/lib conftest.c -lintl -liconv >&5
configure:2978: $? = 0
configure:3026: result: yes
configure:3029: checking for C compiler default output file name
configure:3031: result: a.out
configure:3037: checking for suffix of executables
configure:3044: gcc -o conftest   -framework CoreFoundation -L/Users/cromo/Documents/Sourcecode/vcpkg/installed/arm64-osx/lib conftest.c -lintl -liconv >&5
configure:3048: $? = 0
configure:3070: result: 
configure:3092: checking whether we are cross compiling
configure:3100: gcc -o conftest   -framework CoreFoundation -L/Users/cromo/Documents/Sourcecode/vcpkg/installed/arm64-osx/lib conftest.c -lintl -liconv >&5
configure:3104: $? = 0
configure:3111: ./conftest
configure:3115: $? = 0
configure:3130: result: no
configure:3135: checking for suffix of object files
configure:3157: gcc -c   conftest.c >&5
configure:3161: $? = 0
configure:3182: result: o
configure:3186: checking whether we are using the GNU C compiler
configure:3205: gcc -c   conftest.c >&5
configure:3205: $? = 0
configure:3214: result: yes
configure:3223: checking whether gcc accepts -g
configure:3243: gcc -c -g  conftest.c >&5
configure:3243: $? = 0
configure:3284: result: yes
configure:3301: checking for gcc option to accept ISO C89
configure:3364: gcc  -c -g -O2  conftest.c >&5
configure:3364: $? = 0
configure:3377: result: none needed
configure:3405: checking whether gcc understands -c and -o together
configure:3427: gcc -c conftest.c -o conftest2.o
configure:3430: $? = 0
configure:3427: gcc -c conftest.c -o conftest2.o
configure:3430: $? = 0
configure:3442: result: yes
configure:3517: checking for g++
configure:3533: found /usr/bin/g++
configure:3544: result: g++
configure:3571: checking for C++ compiler version
configure:3580: g++ --version >&5
Apple clang version 12.0.5 (clang-1205.0.22.9)
Target: arm64-apple-darwin20.6.0
Thread model: posix
InstalledDir: /Library/Developer/CommandLineTools/usr/bin
Configured with: --prefix=/Library/Developer/CommandLineTools/usr --with-gxx-include-dir=/Library/Developer/CommandLineTools/SDKs/MacOSX.sdk/usr/include/c++/4.2.1
configure:3591: $? = 0
configure:3580: g++ -v >&5
Configured with: --prefix=/Library/Developer/CommandLineTools/usr --with-gxx-include-dir=/Library/Developer/CommandLineTools/SDKs/MacOSX.sdk/usr/include/c++/4.2.1
Apple clang version 12.0.5 (clang-1205.0.22.9)
Target: arm64-apple-darwin20.6.0
Thread model: posix
InstalledDir: /Library/Developer/CommandLineTools/usr/bin
configure:3591: $? = 0
configure:3580: g++ -V >&5
clang: error: argument to '-V' is missing (expected 1 value)
clang: error: no input files
configure:3591: $? = 1
configure:3580: g++ -qversion >&5
clang: error: unknown argument '-qversion'; did you mean '--version'?
clang: error: no input files
configure:3591: $? = 1
configure:3595: checking whether we are using the GNU C++ compiler
configure:3614: g++ -c   conftest.cpp >&5
configure:3614: $? = 0
configure:3623: result: yes
configure:3632: checking whether g++ accepts -g
configure:3652: g++ -c -g  conftest.cpp >&5
configure:3652: $? = 0
configure:3693: result: yes
configure:3742: checking for symbol visibility extensions
configure:3754: g++ -fvisibility-inlines-hidden -fvisibility=hidden -Werror -S conftest.c -o conftest.s 1>&5
clang: error: treating 'c' input as 'c++' when in C++ mode, this behavior is deprecated [-Werror,-Wdeprecated]
configure:3757: $? = 1
configure:3768: result: no
configure:3809: checking for a BSD-compatible install
configure:3877: result: /usr/bin/install -c
configure:3888: checking whether build environment is sane
configure:3943: result: yes
configure:4091: checking for a thread-safe mkdir -p
configure:4130: result: config/install-sh -c -d
configure:4137: checking for gawk
configure:4167: result: no
configure:4137: checking for mawk
configure:4167: result: no
configure:4137: checking for nawk
configure:4167: result: no
configure:4137: checking for awk
configure:4153: found /usr/bin/awk
configure:4164: result: awk
configure:4175: checking whether make sets $(MAKE)
configure:4197: result: yes
configure:4219: checking whether make supports the include directive
configure:4234: make -f confmf.GNU && cat confinc.out
this is the am__doit target
configure:4237: $? = 0
configure:4256: result: yes (GNU style)
configure:4289: checking whether make supports nested variables
configure:4306: result: yes
configure:4392: checking dependency style of gcc
configure:4503: result: gcc3
configure:4520: checking dependency style of g++
configure:4631: result: gcc3
configure:4731: checking build system type
configure:4745: result: arm-apple-darwin20.6.0
configure:4765: checking host system type
configure:4778: result: arm-apple-darwin20.6.0
configure:4819: checking how to print strings
configure:4846: result: printf
configure:4867: checking for a sed that does not truncate output
configure:4931: result: /opt/homebrew/bin/gsed
configure:4949: checking for grep that handles long lines and -e
configure:5007: result: /usr/bin/grep
configure:5012: checking for egrep
configure:5074: result: /usr/bin/grep -E
configure:5079: checking for fgrep
configure:5141: result: /usr/bin/grep -F
configure:5176: checking for ld used by gcc
configure:5243: result: /Library/Developer/CommandLineTools/usr/bin/ld
configure:5250: checking if the linker (/Library/Developer/CommandLineTools/usr/bin/ld) is GNU ld
configure:5265: result: no
configure:5277: checking for BSD- or MS-compatible name lister (nm)
configure:5331: result: /usr/bin/nm -B
configure:5461: checking the name lister (/usr/bin/nm -B) interface
configure:5468: gcc -c -DIN_LIBOFX -g -O2  conftest.c >&5
configure:5471: /usr/bin/nm -B "conftest.o"
configure:5474: output
0000000000000220 S _some_variable
0000000000000000 t ltmp0
0000000000000220 s ltmp1
configure:5481: result: BSD nm
configure:5484: checking whether ln -s works
configure:5488: result: yes
configure:5496: checking the maximum length of command line arguments
configure:5627: result: 786432
configure:5675: checking how to convert arm-apple-darwin20.6.0 file names to arm-apple-darwin20.6.0 format
configure:5715: result: func_convert_file_noop
configure:5722: checking how to convert arm-apple-darwin20.6.0 file names to toolchain format
configure:5742: result: func_convert_file_noop
configure:5749: checking for /Library/Developer/CommandLineTools/usr/bin/ld option to reload object files
configure:5756: result: -r
configure:5830: checking for objdump
configure:5846: found /usr/bin/objdump
configure:5857: result: objdump
configure:5889: checking how to recognize dependent libraries
configure:6089: result: pass_all
configure:6174: checking for dlltool
configure:6204: result: no
configure:6234: checking how to associate runtime and link libraries
configure:6261: result: printf %s\n
configure:6322: checking for ar
configure:6338: found /usr/bin/ar
configure:6349: result: ar
configure:6386: checking for archiver @FILE support
configure:6403: gcc -c -DIN_LIBOFX -g -O2  conftest.c >&5
configure:6403: $? = 0
configure:6406: ar cr libconftest.a @conftest.lst >&5
ar: @conftest.lst: No such file or directory
configure:6409: $? = 1
configure:6429: result: no
configure:6487: checking for strip
configure:6503: found /usr/bin/strip
configure:6514: result: strip
configure:6586: checking for ranlib
configure:6602: found /usr/bin/ranlib
configure:6613: result: ranlib
configure:6715: checking command to parse /usr/bin/nm -B output from gcc object
configure:6868: gcc -c -DIN_LIBOFX -g -O2  conftest.c >&5
configure:6871: $? = 0
configure:6875: /usr/bin/nm -B conftest.o | sed -n -e 's/^.*[	 ]\([BCDEGRST][BCDEGRST]*\)[	 ][	 ]*\([_A-Za-z][_A-Za-z0-9]*\)$/\1 \2 \2/p' | sed '/ __gnu_lto/d' > conftest.nm
cannot find nm_test_var in conftest.nm
configure:6868: gcc -c -DIN_LIBOFX -g -O2  conftest.c >&5
configure:6871: $? = 0
configure:6875: /usr/bin/nm -B conftest.o | sed -n -e 's/^.*[	 ]\([BCDEGRST][BCDEGRST]*\)[	 ][	 ]*_\([_A-Za-z][_A-Za-z0-9]*\)$/\1 _\2 \2/p' | sed '/ __gnu_lto/d' > conftest.nm
configure:6941: gcc -o conftest -DIN_LIBOFX -g -O2  -framework CoreFoundation -L/Users/cromo/Documents/Sourcecode/vcpkg/installed/arm64-osx/lib conftest.c conftstm.o >&5
warning: (arm64)  could not find object file symbol for symbol _main
configure:6944: $? = 0
configure:6982: result: ok
configure:7029: checking for sysroot
configure:7059: result: no
configure:7066: checking for a working dd
configure:7104: result: /bin/dd
configure:7108: checking how to truncate binary pipes
configure:7123: result: /bin/dd bs=4096 count=1
configure:7452: checking for mt
configure:7482: result: no
configure:7502: checking if : is a manifest tool
configure:7508: : '-?'
configure:7516: result: no
configure:7572: checking for dsymutil
configure:7588: found /usr/bin/dsymutil
configure:7599: result: dsymutil
configure:7664: checking for nmedit
configure:7680: found /usr/bin/nmedit
configure:7691: result: nmedit
configure:7756: checking for lipo
configure:7772: found /usr/bin/lipo
configure:7783: result: lipo
configure:7848: checking for otool
configure:7864: found /usr/bin/otool
configure:7875: result: otool
configure:7940: checking for otool64
configure:7970: result: no
configure:8015: checking for -single_module linker flag
gcc -DIN_LIBOFX -g -O2 -framework CoreFoundation -L/Users/cromo/Documents/Sourcecode/vcpkg/installed/arm64-osx/lib -o libconftest.dylib -dynamiclib -Wl,-single_module conftest.c
configure:8048: result: yes
configure:8051: checking for -exported_symbols_list linker flag
configure:8071: gcc -o conftest -DIN_LIBOFX -g -O2  -framework CoreFoundation -L/Users/cromo/Documents/Sourcecode/vcpkg/installed/arm64-osx/lib -Wl,-exported_symbols_list,conftest.sym conftest.c -lintl -liconv >&5
configure:8071: $? = 0
configure:8081: result: yes
configure:8084: checking for -force_load linker flag
gcc -DIN_LIBOFX -g -O2 -c -o conftest.o conftest.c
ar cr libconftest.a conftest.o
ranlib libconftest.a
gcc -DIN_LIBOFX -g -O2 -framework CoreFoundation -L/Users/cromo/Documents/Sourcecode/vcpkg/installed/arm64-osx/lib -o conftest conftest.c -Wl,-force_load,./libconftest.a
configure:8116: result: yes
configure:8193: checking how to run the C preprocessor
configure:8224: gcc -E  conftest.c
configure:8224: $? = 0
configure:8238: gcc -E  conftest.c
conftest.c:11:10: fatal error: 'ac_nonexistent.h' file not found
#include <ac_nonexistent.h>
         ^~~~~~~~~~~~~~~~~~
1 error generated.
configure:8238: $? = 1
configure: failed program was:
| /* confdefs.h */
| #define PACKAGE_NAME ""
| #define PACKAGE_TARNAME ""
| #define PACKAGE_VERSION ""
| #define PACKAGE_STRING ""
| #define PACKAGE_BUGREPORT ""
| #define PACKAGE_URL ""
| #define PACKAGE "libofx"
| #define VERSION "0.10.3"
| /* end confdefs.h.  */
| #include <ac_nonexistent.h>
configure:8263: result: gcc -E
configure:8283: gcc -E  conftest.c
configure:8283: $? = 0
configure:8297: gcc -E  conftest.c
conftest.c:11:10: fatal error: 'ac_nonexistent.h' file not found
#include <ac_nonexistent.h>
         ^~~~~~~~~~~~~~~~~~
1 error generated.
configure:8297: $? = 1
configure: failed program was:
| /* confdefs.h */
| #define PACKAGE_NAME ""
| #define PACKAGE_TARNAME ""
| #define PACKAGE_VERSION ""
| #define PACKAGE_STRING ""
| #define PACKAGE_BUGREPORT ""
| #define PACKAGE_URL ""
| #define PACKAGE "libofx"
| #define VERSION "0.10.3"
| /* end confdefs.h.  */
| #include <ac_nonexistent.h>
configure:8326: checking for ANSI C header files
configure:8346: gcc -c -DIN_LIBOFX -g -O2  conftest.c >&5
configure:8346: $? = 0
configure:8419: gcc -o conftest -DIN_LIBOFX -g -O2  -framework CoreFoundation -L/Users/cromo/Documents/Sourcecode/vcpkg/installed/arm64-osx/lib conftest.c -lintl -liconv >&5
configure:8419: $? = 0
configure:8419: ./conftest
configure:8419: $? = 0
configure:8430: result: yes
configure:8443: checking for sys/types.h
configure:8443: gcc -c -DIN_LIBOFX -g -O2  conftest.c >&5
configure:8443: $? = 0
configure:8443: result: yes
configure:8443: checking for sys/stat.h
configure:8443: gcc -c -DIN_LIBOFX -g -O2  conftest.c >&5
configure:8443: $? = 0
configure:8443: result: yes
configure:8443: checking for stdlib.h
configure:8443: gcc -c -DIN_LIBOFX -g -O2  conftest.c >&5
configure:8443: $? = 0
configure:8443: result: yes
configure:8443: checking for string.h
configure:8443: gcc -c -DIN_LIBOFX -g -O2  conftest.c >&5
configure:8443: $? = 0
configure:8443: result: yes
configure:8443: checking for memory.h
configure:8443: gcc -c -DIN_LIBOFX -g -O2  conftest.c >&5
configure:8443: $? = 0
configure:8443: result: yes
configure:8443: checking for strings.h
configure:8443: gcc -c -DIN_LIBOFX -g -O2  conftest.c >&5
configure:8443: $? = 0
configure:8443: result: yes
configure:8443: checking for inttypes.h
configure:8443: gcc -c -DIN_LIBOFX -g -O2  conftest.c >&5
configure:8443: $? = 0
configure:8443: result: yes
configure:8443: checking for stdint.h
configure:8443: gcc -c -DIN_LIBOFX -g -O2  conftest.c >&5
configure:8443: $? = 0
configure:8443: result: yes
configure:8443: checking for unistd.h
configure:8443: gcc -c -DIN_LIBOFX -g -O2  conftest.c >&5
configure:8443: $? = 0
configure:8443: result: yes
configure:8457: checking for dlfcn.h
configure:8457: gcc -c -DIN_LIBOFX -g -O2  conftest.c >&5
configure:8457: $? = 0
configure:8457: result: yes
configure:8724: checking for objdir
configure:8739: result: .libs
configure:9003: checking if gcc supports -fno-rtti -fno-exceptions
configure:9021: gcc -c -DIN_LIBOFX -g -O2  -fno-rtti -fno-exceptions conftest.c >&5
configure:9025: $? = 0
configure:9038: result: yes
configure:9402: checking for gcc option to produce PIC
configure:9409: result: -fno-common -DPIC
configure:9417: checking if gcc PIC flag -fno-common -DPIC works
configure:9435: gcc -c -DIN_LIBOFX -g -O2  -fno-common -DPIC -DPIC conftest.c >&5
configure:9439: $? = 0
configure:9452: result: yes
configure:9481: checking if gcc static flag -static works
configure:9509: result: no
configure:9524: checking if gcc supports -c -o file.o
configure:9545: gcc -c -DIN_LIBOFX -g -O2  -o out/conftest2.o conftest.c >&5
configure:9549: $? = 0
configure:9571: result: yes
configure:9579: checking if gcc supports -c -o file.o
configure:9626: result: yes
configure:9659: checking whether the gcc linker (/Library/Developer/CommandLineTools/usr/bin/ld) supports shared libraries
configure:10922: result: yes
configure:11162: checking dynamic linker characteristics
configure:11992: result: darwin20.6.0 dyld
configure:12114: checking how to hardcode library paths into programs
configure:12139: result: immediate
configure:12687: checking whether stripping libraries is possible
configure:12701: result: yes
configure:12727: checking if libtool supports shared libraries
configure:12729: result: yes
configure:12732: checking whether to build shared libraries
configure:12757: result: no
configure:12760: checking whether to build static libraries
configure:12764: result: yes
configure:12787: checking how to run the C++ preprocessor
configure:12814: g++ -E  conftest.cpp
configure:12814: $? = 0
configure:12828: g++ -E  conftest.cpp
conftest.cpp:23:10: fatal error: 'ac_nonexistent.h' file not found
#include <ac_nonexistent.h>
         ^~~~~~~~~~~~~~~~~~
1 error generated.
configure:12828: $? = 1
configure: failed program was:
| /* confdefs.h */
| #define PACKAGE_NAME ""
| #define PACKAGE_TARNAME ""
| #define PACKAGE_VERSION ""
| #define PACKAGE_STRING ""
| #define PACKAGE_BUGREPORT ""
| #define PACKAGE_URL ""
| #define PACKAGE "libofx"
| #define VERSION "0.10.3"
| #define STDC_HEADERS 1
| #define HAVE_SYS_TYPES_H 1
| #define HAVE_SYS_STAT_H 1
| #define HAVE_STDLIB_H 1
| #define HAVE_STRING_H 1
| #define HAVE_MEMORY_H 1
| #define HAVE_STRINGS_H 1
| #define HAVE_INTTYPES_H 1
| #define HAVE_STDINT_H 1
| #define HAVE_UNISTD_H 1
| #define HAVE_DLFCN_H 1
| #define LT_OBJDIR ".libs/"
| /* end confdefs.h.  */
| #include <ac_nonexistent.h>
configure:12853: result: g++ -E
configure:12873: g++ -E  conftest.cpp
configure:12873: $? = 0
configure:12887: g++ -E  conftest.cpp
conftest.cpp:23:10: fatal error: 'ac_nonexistent.h' file not found
#include <ac_nonexistent.h>
         ^~~~~~~~~~~~~~~~~~
1 error generated.
configure:12887: $? = 1
configure: failed program was:
| /* confdefs.h */
| #define PACKAGE_NAME ""
| #define PACKAGE_TARNAME ""
| #define PACKAGE_VERSION ""
| #define PACKAGE_STRING ""
| #define PACKAGE_BUGREPORT ""
| #define PACKAGE_URL ""
| #define PACKAGE "libofx"
| #define VERSION "0.10.3"
| #define STDC_HEADERS 1
| #define HAVE_SYS_TYPES_H 1
| #define HAVE_SYS_STAT_H 1
| #define HAVE_STDLIB_H 1
| #define HAVE_STRING_H 1
| #define HAVE_MEMORY_H 1
| #define HAVE_STRINGS_H 1
| #define HAVE_INTTYPES_H 1
| #define HAVE_STDINT_H 1
| #define HAVE_UNISTD_H 1
| #define HAVE_DLFCN_H 1
| #define LT_OBJDIR ".libs/"
| /* end confdefs.h.  */
| #include <ac_nonexistent.h>
configure:13049: checking for ld used by g++
configure:13116: result: /Library/Developer/CommandLineTools/usr/bin/ld
configure:13123: checking if the linker (/Library/Developer/CommandLineTools/usr/bin/ld) is GNU ld
configure:13138: result: no
configure:13193: checking whether the g++ linker (/Library/Developer/CommandLineTools/usr/bin/ld) supports shared libraries
configure:14266: result: yes
configure:14302: g++ -c -DIN_LIBOFX -g -O2  conftest.cpp >&5
configure:14305: $? = 0
configure:14786: checking for g++ option to produce PIC
configure:14793: result: -fno-common -DPIC
configure:14801: checking if g++ PIC flag -fno-common -DPIC works
configure:14819: g++ -c -DIN_LIBOFX -g -O2  -fno-common -DPIC -DPIC conftest.cpp >&5
configure:14823: $? = 0
configure:14836: result: yes
configure:14859: checking if g++ static flag -static works
configure:14887: result: no
configure:14899: checking if g++ supports -c -o file.o
configure:14920: g++ -c -DIN_LIBOFX -g -O2  -o out/conftest2.o conftest.cpp >&5
configure:14924: $? = 0
configure:14946: result: yes
configure:14951: checking if g++ supports -c -o file.o
configure:14998: result: yes
configure:15028: checking whether the g++ linker (/Library/Developer/CommandLineTools/usr/bin/ld) supports shared libraries
configure:15071: result: yes
configure:15212: checking dynamic linker characteristics
configure:15969: result: darwin20.6.0 dyld
configure:16034: checking how to hardcode library paths into programs
configure:16059: result: immediate
configure:16464: checking for windres
configure:16494: result: no
configure:16592: checking for library containing strerror
configure:16623: gcc -o conftest -DIN_LIBOFX -g -O2  -framework CoreFoundation -L/Users/cromo/Documents/Sourcecode/vcpkg/installed/arm64-osx/lib conftest.c -lintl -liconv >&5
conftest.c:30:6: warning: incompatible redeclaration of library function 'strerror' [-Wincompatible-library-redeclaration]
char strerror ();
     ^
conftest.c:30:6: note: 'strerror' is a builtin with type 'char *(int)'
1 warning generated.
configure:16623: $? = 0
configure:16640: result: none required
configure:16648: checking whether byte ordering is bigendian
configure:16663: gcc -c -DIN_LIBOFX -g -O2  conftest.c >&5
configure:16663: $? = 0
configure:16708: gcc -c -DIN_LIBOFX -g -O2  conftest.c >&5
configure:16708: $? = 0
configure:16726: gcc -c -DIN_LIBOFX -g -O2  conftest.c >&5
conftest.c:30:4: error: use of undeclared identifier 'not'
                 not big endian
                 ^
1 error generated.
configure:16726: $? = 1
configure: failed program was:
| /* confdefs.h */
| #define PACKAGE_NAME ""
| #define PACKAGE_TARNAME ""
| #define PACKAGE_VERSION ""
| #define PACKAGE_STRING ""
| #define PACKAGE_BUGREPORT ""
| #define PACKAGE_URL ""
| #define PACKAGE "libofx"
| #define VERSION "0.10.3"
| #define STDC_HEADERS 1
| #define HAVE_SYS_TYPES_H 1
| #define HAVE_SYS_STAT_H 1
| #define HAVE_STDLIB_H 1
| #define HAVE_STRING_H 1
| #define HAVE_MEMORY_H 1
| #define HAVE_STRINGS_H 1
| #define HAVE_INTTYPES_H 1
| #define HAVE_STDINT_H 1
| #define HAVE_UNISTD_H 1
| #define HAVE_DLFCN_H 1
| #define LT_OBJDIR ".libs/"
| /* end confdefs.h.  */
| #include <sys/types.h>
| 		#include <sys/param.h>
| 
| int
| main ()
| {
| #if BYTE_ORDER != BIG_ENDIAN
| 		 not big endian
| 		#endif
| 
|   ;
|   return 0;
| }
configure:16854: result: no
configure:16872: checking whether make sets $(MAKE)
configure:16894: result: yes
configure:16903: checking for ANSI C header files
configure:17007: result: yes
configure:17094: checking for ParserEventGeneratorKit.h
configure:17094: g++ -c -DIN_LIBOFX -g -O2 -I/Users/cromo/Documents/Sourcecode/vcpkg/installed/arm64-osx/include/OpenSP/  conftest.cpp >&5
configure:17094: $? = 0
configure:17094: result: yes
configure:17094: checking for SGMLApplication.h
configure:17094: g++ -c -DIN_LIBOFX -g -O2 -I/Users/cromo/Documents/Sourcecode/vcpkg/installed/arm64-osx/include/OpenSP/  conftest.cpp >&5
configure:17094: $? = 0
configure:17094: result: yes
configure:17094: checking for EventGenerator.h
configure:17094: g++ -c -DIN_LIBOFX -g -O2 -I/Users/cromo/Documents/Sourcecode/vcpkg/installed/arm64-osx/include/OpenSP/  conftest.cpp >&5
configure:17094: $? = 0
configure:17094: result: yes
configure:17112: checking for libosp
configure:17147: g++ -o conftest -DIN_LIBOFX -g -O2 -I/Users/cromo/Documents/Sourcecode/vcpkg/installed/arm64-osx/include/OpenSP/  -framework CoreFoundation -L/Users/cromo/Documents/Sourcecode/vcpkg/installed/arm64-osx/lib conftest.cpp -L/Users/cromo/Documents/Sourcecode/vcpkg/installed/arm64-osx/lib -losp -lintl -liconv >&5
configure:17147: $? = 0
configure:17147: ./conftest
configure:17147: $? = 0
configure:17148: result: yes
configure:17200: checking for doxygen
configure:17218: found /opt/homebrew/bin/doxygen
configure:17230: result: /opt/homebrew/bin/doxygen
configure:17247: checking for dot
configure:17265: found /opt/homebrew/bin/dot
configure:17277: result: /opt/homebrew/bin/dot
configure:17327: checking getopt.h usability
configure:17327: g++ -c -DIN_LIBOFX -g -O2  conftest.cpp >&5
configure:17327: $? = 0
configure:17327: result: yes
configure:17327: checking getopt.h presence
configure:17327: g++ -E  conftest.cpp
configure:17327: $? = 0
configure:17327: result: yes
configure:17327: checking for getopt.h
configure:17327: result: yes
configure:17339: checking for getopt_long
configure:17339: g++ -o conftest -DIN_LIBOFX -g -O2  -framework CoreFoundation -L/Users/cromo/Documents/Sourcecode/vcpkg/installed/arm64-osx/lib conftest.cpp -lintl -liconv >&5
configure:17339: $? = 0
configure:17339: result: yes
configure:17432: checking for gengetopt
configure:17448: found /opt/homebrew/bin/gengetopt
configure:17460: result: yes
configure:17492: checking for help2man
configure:17523: result: no
configure:17597: checking for pkg-config
configure:17615: found /opt/homebrew/bin/pkg-config
configure:17627: result: /opt/homebrew/bin/pkg-config
configure:17652: checking pkg-config is at least version 0.9.0
configure:17655: result: yes
configure:17665: checking for LIBCURL
configure:17672: $PKG_CONFIG --exists --print-errors "libcurl >= 7.9.7"
configure:17675: $? = 0
configure:17689: $PKG_CONFIG --exists --print-errors "libcurl >= 7.9.7"
configure:17692: $? = 0
configure:17736: result: yes
configure:17743: checking for LIBXMLPP
configure:17750: $PKG_CONFIG --exists --print-errors "libxml++-2.6 >= 2.6"
Package libxml++-2.6 was not found in the pkg-config search path.
Perhaps you should add the directory containing `libxml++-2.6.pc'
to the PKG_CONFIG_PATH environment variable
No package 'libxml++-2.6' found
configure:17753: $? = 1
configure:17767: $PKG_CONFIG --exists --print-errors "libxml++-2.6 >= 2.6"
Package libxml++-2.6 was not found in the pkg-config search path.
Perhaps you should add the directory containing `libxml++-2.6.pc'
to the PKG_CONFIG_PATH environment variable
No package 'libxml++-2.6' found
configure:17770: $? = 1
configure:17784: result: no
No package 'libxml++-2.6' found
configure:17800: WARNING: libxml++ 2.6 is not available. ofxconnect (Direct connect samples) will NOT be built.
configure:17861: checking iconv.h usability
configure:17861: g++ -c -DIN_LIBOFX -g -O2  conftest.cpp >&5
configure:17861: $? = 0
configure:17861: result: yes
configure:17861: checking iconv.h presence
configure:17861: g++ -E  conftest.cpp
configure:17861: $? = 0
configure:17861: result: yes
configure:17861: checking for iconv.h
configure:17861: result: yes
configure:17863: checking for iconv
configure:17879: g++ -o conftest -DIN_LIBOFX -g -O2  -framework CoreFoundation -L/Users/cromo/Documents/Sourcecode/vcpkg/installed/arm64-osx/lib conftest.cpp -lintl -liconv >&5
configure:17879: $? = 0
configure:17881: result: yes
configure:18065: checking that generated files are newer than configure
configure:18071: result: done
configure:18123: creating ./config.status

## ---------------------- ##
## Running config.status. ##
## ---------------------- ##

This file was extended by config.status, which was
generated by GNU Autoconf 2.69.  Invocation command line was

  CONFIG_FILES    = 
  CONFIG_HEADERS  = 
  CONFIG_LINKS    = 
  CONFIG_COMMANDS = 
  $ ./config.status 

on Daves-Air

config.status:1265: creating Makefile
config.status:1265: creating libofx.spec
config.status:1265: creating libofx.pc
config.status:1265: creating libofx.lsm
config.status:1265: creating m4/Makefile
config.status:1265: creating lib/Makefile
config.status:1265: creating inc/Makefile
config.status:1265: creating inc/libofx.h
config.status:1265: creating dtd/Makefile
config.status:1265: creating doc/Makefile
config.status:1265: creating ofx2qif/Makefile
config.status:1265: creating ofxdump/Makefile
config.status:1265: creating ofxconnect/Makefile
config.status:1265: creating config.h
config.status:1446: config.h is unchanged
config.status:1525: executing depfiles commands
config.status:1602: cd lib       && sed -e '/# am--include-marker/d' Makefile         | make -f - am--depfiles
make: Nothing to be done for `am--depfiles'.
config.status:1607: $? = 0
config.status:1602: cd ofx2qif       && sed -e '/# am--include-marker/d' Makefile         | make -f - am--depfiles
make: Nothing to be done for `am--depfiles'.
config.status:1607: $? = 0
config.status:1602: cd ofxdump       && sed -e '/# am--include-marker/d' Makefile         | make -f - am--depfiles
make: Nothing to be done for `am--depfiles'.
config.status:1607: $? = 0
config.status:1602: cd ofxconnect       && sed -e '/# am--include-marker/d' Makefile         | make -f - am--depfiles
make: Nothing to be done for `am--depfiles'.
config.status:1607: $? = 0
config.status:1525: executing libtool commands

## ---------------- ##
## Cache variables. ##
## ---------------- ##

ac_cv_build=arm-apple-darwin20.6.0
ac_cv_c_bigendian=no
ac_cv_c_compiler_gnu=yes
ac_cv_cxx_compiler_gnu=yes
ac_cv_env_CCC_set=
ac_cv_env_CCC_value=
ac_cv_env_CC_set=
ac_cv_env_CC_value=
ac_cv_env_CFLAGS_set=
ac_cv_env_CFLAGS_value=
ac_cv_env_CPPFLAGS_set=
ac_cv_env_CPPFLAGS_value=
ac_cv_env_CPP_set=
ac_cv_env_CPP_value=
ac_cv_env_CXXCPP_set=
ac_cv_env_CXXCPP_value=
ac_cv_env_CXXFLAGS_set=
ac_cv_env_CXXFLAGS_value=
ac_cv_env_CXX_set=
ac_cv_env_CXX_value=
ac_cv_env_LDFLAGS_set=set
ac_cv_env_LDFLAGS_value='-framework CoreFoundation -L/Users/cromo/Documents/Sourcecode/vcpkg/installed/arm64-osx/lib'
ac_cv_env_LIBCURL_CFLAGS_set=
ac_cv_env_LIBCURL_CFLAGS_value=
ac_cv_env_LIBCURL_LIBS_set=
ac_cv_env_LIBCURL_LIBS_value=
ac_cv_env_LIBS_set=set
ac_cv_env_LIBS_value='-lintl -liconv'
ac_cv_env_LIBXMLPP_CFLAGS_set=
ac_cv_env_LIBXMLPP_CFLAGS_value=
ac_cv_env_LIBXMLPP_LIBS_set=
ac_cv_env_LIBXMLPP_LIBS_value=
ac_cv_env_LT_SYS_LIBRARY_PATH_set=
ac_cv_env_LT_SYS_LIBRARY_PATH_value=
ac_cv_env_PKG_CONFIG_LIBDIR_set=
ac_cv_env_PKG_CONFIG_LIBDIR_value=
ac_cv_env_PKG_CONFIG_PATH_set=
ac_cv_env_PKG_CONFIG_PATH_value=
ac_cv_env_PKG_CONFIG_set=
ac_cv_env_PKG_CONFIG_value=
ac_cv_env_build_alias_set=
ac_cv_env_build_alias_value=
ac_cv_env_host_alias_set=
ac_cv_env_host_alias_value=
ac_cv_env_target_alias_set=
ac_cv_env_target_alias_value=
ac_cv_func_getopt_long=yes
ac_cv_header_EventGenerator_h=yes
ac_cv_header_ParserEventGeneratorKit_h=yes
ac_cv_header_SGMLApplication_h=yes
ac_cv_header_dlfcn_h=yes
ac_cv_header_getopt_h=yes
ac_cv_header_iconv_h=yes
ac_cv_header_inttypes_h=yes
ac_cv_header_memory_h=yes
ac_cv_header_stdc=yes
ac_cv_header_stdint_h=yes
ac_cv_header_stdlib_h=yes
ac_cv_header_string_h=yes
ac_cv_header_strings_h=yes
ac_cv_header_sys_stat_h=yes
ac_cv_header_sys_types_h=yes
ac_cv_header_unistd_h=yes
ac_cv_host=arm-apple-darwin20.6.0
ac_cv_objext=o
ac_cv_path_DOT=/opt/homebrew/bin/dot
ac_cv_path_DOXYGEN=/opt/homebrew/bin/doxygen
ac_cv_path_EGREP='/usr/bin/grep -E'
ac_cv_path_FGREP='/usr/bin/grep -F'
ac_cv_path_GREP=/usr/bin/grep
ac_cv_path_HELP2MAN=no
ac_cv_path_SED=/opt/homebrew/bin/gsed
ac_cv_path_ac_pt_PKG_CONFIG=/opt/homebrew/bin/pkg-config
ac_cv_path_install='/usr/bin/install -c'
ac_cv_path_lt_DD=/bin/dd
ac_cv_prog_AWK=awk
ac_cv_prog_CPP='gcc -E'
ac_cv_prog_CXXCPP='g++ -E'
ac_cv_prog_ac_ct_AR=ar
ac_cv_prog_ac_ct_CC=gcc
ac_cv_prog_ac_ct_CXX=g++
ac_cv_prog_ac_ct_DSYMUTIL=dsymutil
ac_cv_prog_ac_ct_LIPO=lipo
ac_cv_prog_ac_ct_NMEDIT=nmedit
ac_cv_prog_ac_ct_OBJDUMP=objdump
ac_cv_prog_ac_ct_OTOOL=otool
ac_cv_prog_ac_ct_RANLIB=ranlib
ac_cv_prog_ac_ct_STRIP=strip
ac_cv_prog_cc_c89=
ac_cv_prog_cc_g=yes
ac_cv_prog_cxx_g=yes
ac_cv_prog_have_gengetopt=yes
ac_cv_prog_make_make_set=yes
ac_cv_search_strerror='none required'
ac_cv_sym_visibility=no
am_cv_CC_dependencies_compiler_type=gcc3
am_cv_CXX_dependencies_compiler_type=gcc3
am_cv_make_support_nested_variables=yes
am_cv_prog_cc_c_o=yes
lt_cv_apple_cc_single_mod=yes
lt_cv_ar_at_file=no
lt_cv_deplibs_check_method=pass_all
lt_cv_file_magic_cmd='$MAGIC_CMD'
lt_cv_file_magic_test_file=
lt_cv_ld_exported_symbols_list=yes
lt_cv_ld_force_load=yes
lt_cv_ld_reload_flag=-r
lt_cv_nm_interface='BSD nm'
lt_cv_objdir=.libs
lt_cv_path_LD=/Library/Developer/CommandLineTools/usr/bin/ld
lt_cv_path_LDCXX=/Library/Developer/CommandLineTools/usr/bin/ld
lt_cv_path_NM='/usr/bin/nm -B'
lt_cv_path_mainfest_tool=no
lt_cv_prog_compiler_c_o=yes
lt_cv_prog_compiler_c_o_CXX=yes
lt_cv_prog_compiler_c_o_RC=yes
lt_cv_prog_compiler_pic='-fno-common -DPIC'
lt_cv_prog_compiler_pic_CXX='-fno-common -DPIC'
lt_cv_prog_compiler_pic_works=yes
lt_cv_prog_compiler_pic_works_CXX=yes
lt_cv_prog_compiler_rtti_exceptions=yes
lt_cv_prog_compiler_static_works=no
lt_cv_prog_compiler_static_works_CXX=no
lt_cv_prog_gnu_ld=no
lt_cv_prog_gnu_ldcxx=no
lt_cv_sharedlib_from_linklib_cmd='printf %s\n'
lt_cv_sys_global_symbol_pipe='sed -n -e '\''s/^.*[	 ]\([BCDEGRST][BCDEGRST]*\)[	 ][	 ]*_\([_A-Za-z][_A-Za-z0-9]*\)$/\1 _\2 \2/p'\'' | sed '\''/ __gnu_lto/d'\'''
lt_cv_sys_global_symbol_to_c_name_address='sed -n -e '\''s/^: \(.*\) .*$/  {"\1", (void *) 0},/p'\'' -e '\''s/^[BCDEGRST][BCDEGRST]* .* \(.*\)$/  {"\1", (void *) \&\1},/p'\'''
lt_cv_sys_global_symbol_to_c_name_address_lib_prefix='sed -n -e '\''s/^: \(.*\) .*$/  {"\1", (void *) 0},/p'\'' -e '\''s/^[BCDEGRST][BCDEGRST]* .* \(lib.*\)$/  {"\1", (void *) \&\1},/p'\'' -e '\''s/^[BCDEGRST][BCDEGRST]* .* \(.*\)$/  {"lib\1", (void *) \&\1},/p'\'''
lt_cv_sys_global_symbol_to_cdecl='sed -n -e '\''s/^T .* \(.*\)$/extern int \1();/p'\'' -e '\''s/^[BCDEGRST][BCDEGRST]* .* \(.*\)$/extern char \1;/p'\'''
lt_cv_sys_global_symbol_to_import=
lt_cv_sys_max_cmd_len=786432
lt_cv_to_host_file_cmd=func_convert_file_noop
lt_cv_to_tool_file_cmd=func_convert_file_noop
lt_cv_truncate_bin='/bin/dd bs=4096 count=1'
pkg_cv_LIBCURL_CFLAGS=
pkg_cv_LIBCURL_LIBS=-lcurl

## ----------------- ##
## Output variables. ##
## ----------------- ##

ACLOCAL='${SHELL} /Users/cromo/Downloads/libofx-0.10.3/config/missing aclocal-1.16'
AMDEPBACKSLASH='\'
AMDEP_FALSE='#'
AMDEP_TRUE=''
AMTAR='$${TAR-tar}'
AM_BACKSLASH='\'
AM_DEFAULT_V='$(AM_DEFAULT_VERBOSITY)'
AM_DEFAULT_VERBOSITY='1'
AM_V='$(V)'
AR='ar'
AS='as'
AUTOCONF='${SHELL} /Users/cromo/Downloads/libofx-0.10.3/config/missing autoconf'
AUTOHEADER='${SHELL} /Users/cromo/Downloads/libofx-0.10.3/config/missing autoheader'
AUTOMAKE='${SHELL} /Users/cromo/Downloads/libofx-0.10.3/config/missing automake-1.16'
AWK='awk'
BUILD_OFXCONNECT_FALSE=''
BUILD_OFXCONNECT_TRUE='#'
CC='gcc'
CCDEPMODE='depmode=gcc3'
CFLAGS='-DIN_LIBOFX -g -O2'
CPP='gcc -E'
CPPFLAGS=''
CXX='g++'
CXXCPP='g++ -E'
CXXDEPMODE='depmode=gcc3'
CXXFLAGS='-DIN_LIBOFX -g -O2'
CYGPATH_W='echo'
DEFS='-DHAVE_CONFIG_H'
DEPDIR='.deps'
DLLTOOL='false'
DOC_FALSE='#'
DOC_TRUE=''
DOT='/opt/homebrew/bin/dot'
DOXYGEN='/opt/homebrew/bin/doxygen'
DSYMUTIL='dsymutil'
DUMPBIN=''
ECHO_C='\c'
ECHO_N=''
ECHO_T=''
EGREP='/usr/bin/grep -E'
ENABLE_DOXYGEN_FALSE=''
ENABLE_DOXYGEN_TRUE='#'
EXEEXT=''
FGREP='/usr/bin/grep -F'
GREP='/usr/bin/grep'
HAVE_HELP2MAN_FALSE=''
HAVE_HELP2MAN_TRUE='#'
HELP2MAN='no'
ICONV_LIBS=''
INSTALL_DATA='${INSTALL} -m 644'
INSTALL_PROGRAM='${INSTALL}'
INSTALL_SCRIPT='${INSTALL}'
INSTALL_STRIP_PROGRAM='$(install_sh) -c -s'
LD='/Library/Developer/CommandLineTools/usr/bin/ld'
LDFLAGS='-framework CoreFoundation -L/Users/cromo/Documents/Sourcecode/vcpkg/installed/arm64-osx/lib'
LIBCURL_CFLAGS=''
LIBCURL_LIBS='-lcurl'
LIBOBJS=''
LIBOFX_BUILD_VERSION='0'
LIBOFX_DTD_DIR='${datadir}/libofx/dtd'
LIBOFX_MAJOR_VERSION='0'
LIBOFX_MICRO_VERSION='3'
LIBOFX_MINOR_VERSION='10'
LIBOFX_SO_AGE='0'
LIBOFX_SO_CURRENT='7'
LIBOFX_SO_REVISION='2'
LIBOFX_VERSION='0.10.3'
LIBOFX_VERSION_RELEASE_STRING='0.10.3'
LIBS='-lintl -liconv'
LIBTOOL='$(SHELL) $(top_builddir)/libtool'
LIBXMLPP_CFLAGS=''
LIBXMLPP_LIBS=''
LIPO='lipo'
LN_S='ln -s'
LTLIBOBJS=''
LT_SYS_LIBRARY_PATH=''
MAKEINFO='${SHELL} /Users/cromo/Downloads/libofx-0.10.3/config/missing makeinfo'
MANIFEST_TOOL=':'
MKDIR_P='config/install-sh -c -d'
NM='/usr/bin/nm -B'
NMEDIT='nmedit'
NO_GETOPTLONG_FALSE=''
NO_GETOPTLONG_TRUE='#'
OBJDUMP='objdump'
OBJEXT='o'
OPENSPINCLUDES='/Users/cromo/Documents/Sourcecode/vcpkg/installed/arm64-osx/include/OpenSP/'
OPENSPLIBS='-L/Users/cromo/Documents/Sourcecode/vcpkg/installed/arm64-osx/lib -losp'
OTOOL64=':'
OTOOL='otool'
PACKAGE='libofx'
PACKAGE_BUGREPORT=''
PACKAGE_NAME=''
PACKAGE_STRING=''
PACKAGE_TARNAME=''
PACKAGE_URL=''
PACKAGE_VERSION=''
PATH_SEPARATOR=':'
PKG_CONFIG='/opt/homebrew/bin/pkg-config'
PKG_CONFIG_LIBDIR=''
PKG_CONFIG_PATH=''
QT_CFLAGS=''
RANLIB='ranlib'
RC=''
SED='/opt/homebrew/bin/gsed'
SET_MAKE=''
SHELL='/bin/sh'
STRIP='strip'
USE_GENGETOPT_FALSE='#'
USE_GENGETOPT_TRUE=''
VERSION='0.10.3'
WITH_ICONV='1'
ac_ct_AR='ar'
ac_ct_CC='gcc'
ac_ct_CXX='g++'
ac_ct_DUMPBIN=''
am__EXEEXT_FALSE=''
am__EXEEXT_TRUE='#'
am__fastdepCC_FALSE='#'
am__fastdepCC_TRUE=''
am__fastdepCXX_FALSE='#'
am__fastdepCXX_TRUE=''
am__include='include'
am__isrc=''
am__leading_dot='.'
am__nodep='_no'
am__quote=''
am__tar='$${TAR-tar} chof - "$$tardir"'
am__untar='$${TAR-tar} xf -'
bindir='${exec_prefix}/bin'
build='arm-apple-darwin20.6.0'
build_alias=''
build_cpu='arm'
build_os='darwin20.6.0'
build_vendor='apple'
datadir='${datarootdir}'
datarootdir='${prefix}/share'
docdir='${datarootdir}/doc/${PACKAGE}'
dvidir='${docdir}'
enable_dot='yes'
enable_html_docs='yes'
enable_latex_docs='no'
exec_prefix='${prefix}'
have_gengetopt='yes'
host='arm-apple-darwin20.6.0'
host_alias=''
host_cpu='arm'
host_os='darwin20.6.0'
host_vendor='apple'
htmldir='${docdir}'
includedir='${prefix}/include'
infodir='${datarootdir}/info'
install_sh='${SHELL} /Users/cromo/Downloads/libofx-0.10.3/config/install-sh'
libdir='${exec_prefix}/lib'
libexecdir='${exec_prefix}/libexec'
localedir='${datarootdir}/locale'
localstatedir='${prefix}/var'
mandir='${datarootdir}/man'
mkdir_p='$(MKDIR_P)'
ofxconnect=''
oldincludedir='/usr/include'
pdfdir='${docdir}'
prefix='/usr/local'
program_transform_name='s,x,x,'
psdir='${docdir}'
runstatedir='${localstatedir}/run'
sbindir='${exec_prefix}/sbin'
sharedstatedir='${prefix}/com'
sysconfdir='${prefix}/etc'
target_alias=''

## ----------- ##
## confdefs.h. ##
## ----------- ##

/* confdefs.h */
#define PACKAGE_NAME ""
#define PACKAGE_TARNAME ""
#define PACKAGE_VERSION ""
#define PACKAGE_STRING ""
#define PACKAGE_BUGREPORT ""
#define PACKAGE_URL ""
#define PACKAGE "libofx"
#define VERSION "0.10.3"
#define STDC_HEADERS 1
#define HAVE_SYS_TYPES_H 1
#define HAVE_SYS_STAT_H 1
#define HAVE_STDLIB_H 1
#define HAVE_STRING_H 1
#define HAVE_MEMORY_H 1
#define HAVE_STRINGS_H 1
#define HAVE_INTTYPES_H 1
#define HAVE_STDINT_H 1
#define HAVE_UNISTD_H 1
#define HAVE_DLFCN_H 1
#define LT_OBJDIR ".libs/"
#define STDC_HEADERS 1
#define SP_MULTI_BYTE 1
#define HAVE_PARSEREVENTGENERATORKIT_H 1
#define HAVE_SGMLAPPLICATION_H 1
#define HAVE_EVENTGENERATOR_H 1
#define HAVE_GETOPT_H 1
#define HAVE_GETOPT_LONG 1
#define HAVE_ICONV 1

configure: exit 0
