LibOFX INFO: libofx_proc_file(): File format not specified, autodetecting...
LibOFX INFO: libofx_proc_file(): Detected file format: OFX (Open Financial eXchange (OFX or QFX))
LibOFX STATUS: find_dtd():DTD found: ../../dtd/opensp.dcl
LibOFX STATUS: find_dtd():DTD found: ../../dtd/ofx160.dtd
LibOFX INFO: Created OfxDummyContainer to hold unsupported aggregate SIGNONMSGSRSV1
(Above message occurred on Line 2, Column 1)
LibOFX INFO: Created OfxDummyContainer to hold unsupported aggregate SONRS
(Above message occurred on Line 3, Column 1)
ofx_proc_status():
    Ofx entity this status is relevant to: SONRS 
    Severity: INFO
    Code: 0, name: Success
    Description: The server successfully processed the request.

LibOFX INFO: Created OfxDummyContainer to hold unsupported aggregate BANKMSGSRSV1
(Above message occurred on Line 12, Column 1)
LibOFX INFO: Created OfxDummyContainer to hold unsupported aggregate STMTTRNRS
(Above message occurred on Line 13, Column 1)
ofx_proc_status():
    Ofx entity this status is relevant to: STMTTRNRS 
    Severity: INFO
    Code: 0, name: Success
    Description: The server successfully processed the request.

LibOFX INFO: Created OfxDummyContainer to hold unsupported aggregate STMTTRNRS
(Above message occurred on Line 44, Column 1)
ofx_proc_status():
    Ofx entity this status is relevant to: STMTTRNRS 
    Severity: INFO
    Code: 0, name: Success
    Description: The server successfully processed the request.

ofx_proc_account():
    Account ID: 000000123  123456
    Account name: Bank account 123456
    Account type: CHECKING
    Default Currency: USD
    Bank ID: 000000123
    Account #: 123456

ofx_proc_statement():
    Default Currency: USD
    Account ID: 000000123  123456
    Start date of this statement: Mon Aug  1 11:59:00 2005 CEST
    End date of this statement: Thu Sep  1 00:50:56 2005 CEST
    Ledger balance: 2156.56
    Ledger balance date: Wed Aug 31 16:50:56 2005 CEST

ofx_proc_transaction():
    Account ID : 000000123  123456
    Transaction type: PAYMENT: Electronic payment
    Date posted: Wed Aug 24 08:00:00 2005 CEST
    Total money amount: -80.32
    # of units: 80.32
    Unit price: 1.00
    Financial institution's ID for this transaction: 219378
    Check number: 1044
    Name of payee or transaction description: FrogKick Scuba Gear

ofx_proc_account():
    Account ID: 000000123  654321
    Account name: Bank account 654321
    Account type: SAVINGS
    Default Currency: USD
    Bank ID: 000000123
    Account #: 654321

ofx_proc_statement():
    Default Currency: USD
    Account ID: 000000123  654321
    Start date of this statement: Mon Aug  1 11:59:00 2005 CEST
    End date of this statement: Thu Sep  1 00:50:56 2005 CEST
    Ledger balance: 3452.00
    Ledger balance date: Wed Aug 31 16:50:56 2005 CEST

PASS ../doc/ofx_sample_files/ofx-2.1.1-sect-16.5.4.2.ofx (exit status: 0)
